<?xml version="1.0" encoding="UTF-8"?>
<testsuite name="StatisticsTest" tests="4" skipped="0" failures="0" errors="0" timestamp="2018-10-31T22:28:55" hostname="CLAUDIUS_I" time="0.005">
  <properties/>
  <testcase name="enitenPisteitaGretzkylla" classname="StatisticsTest" time="0.004"/>
  <testcase name="LemieuxLoytyyHaulla" classname="StatisticsTest" time="0.0"/>
  <testcase name="kolmeEdmontoninPelaajaa" classname="StatisticsTest" time="0.0"/>
  <testcase name="LitmastaEiLoydy" classname="StatisticsTest" time="0.001"/>
  <system-out><![CDATA[]]></system-out>
  <system-err><![CDATA[]]></system-err>
</testsuite>
